<?xml version="1.0" encoding="UTF-8"?>
<!-- Generated by org.testng.reporters.JUnitReportReporter -->
<testsuite hostname="valuelabsxsks" failures="0" tests="1" name="com.api.tests.GetBookingDetails" time="5.267" errors="0" timestamp="2025-09-11T00:57:03 IST" skipped="0">
  <testcase classname="com.api.tests.GetBookingDetails" name="getBookingDetails" time="5.267"/>
</testsuite> <!-- com.api.tests.GetBookingDetails -->
