<?xml version="1.0" encoding="UTF-8"?>
<!-- Generated by org.testng.reporters.JUnitReportReporter -->
<testsuite hostname="valuelabsxsks" failures="0" tests="1" name="com.api.tests.CreateBooking" time="10.748" errors="0" timestamp="2025-09-13T22:35:45 IST" skipped="0">
  <testcase classname="com.api.tests.CreateBooking" name="createBookingTest" time="10.748"/>
</testsuite> <!-- com.api.tests.CreateBooking -->
