<?xml version="1.0" encoding="UTF-8"?>
<!-- Generated by org.testng.reporters.JUnitReportReporter -->
<testsuite hostname="valuelabsxsks" failures="0" tests="1" name="com.api.tests.CreateToken" time="2.733" errors="0" timestamp="2025-09-05T01:24:08 IST" skipped="0">
  <testcase classname="com.api.tests.CreateToken" name="createTokenTest" time="2.733"/>
</testsuite> <!-- com.api.tests.CreateToken -->
